Added Component: Designator=12V source(CON2)
Add component (AddParameter): Name = "Value"; Value = "Connector 2"; VariantName = "[No Variations]"
Added Component: Designator=C1(CP1.5/3.4)
Add component (AddParameter): Name = "Description 1"; Value = "1000uF/6,3V - 470uF/16V - 330uF - 25V"; VariantName = "[No Variations]"
Add component (AddParameter): Name = "Description 2"; Value = "220uF/35V - 100uF/50V - 63V - 4,7uF/200V"; VariantName = "[No Variations]"
Add component (AddParameter): Name = "Description 3"; Value = "22uF => 33uF100V - 3,3uF => 4,7uF/250V"; VariantName = "[No Variations]"
Add component (AddParameter): Name = "Description 4"; Value = "2,2uF =>3,3uF/350 - 2,2uF/400V - 1uF/450V"; VariantName = "[No Variations]"
Add component (AddParameter): Name = "Value"; Value = "100uF/35V/50V"; VariantName = "[No Variations]"
Added Component: Designator=C2(CP1.5/3.4)
Add component (AddParameter): Name = "Description 1"; Value = "1000uF/6,3V - 470uF/16V - 330uF - 25V"; VariantName = "[No Variations]"
Add component (AddParameter): Name = "Description 2"; Value = "220uF/35V - 100uF/50V - 63V - 4,7uF/200V"; VariantName = "[No Variations]"
Add component (AddParameter): Name = "Description 3"; Value = "22uF => 33uF100V - 3,3uF => 4,7uF/250V"; VariantName = "[No Variations]"
Add component (AddParameter): Name = "Description 4"; Value = "2,2uF =>3,3uF/350 - 2,2uF/400V - 1uF/450V"; VariantName = "[No Variations]"
Add component (AddParameter): Name = "Value"; Value = "100uF/35V/50V"; VariantName = "[No Variations]"
Added Component: Designator=C3(CP1/2)
Add component (AddParameter): Name = "Description 1"; Value = "10 => 220uF/6,3V/10V - 10uF => 100uF/16V"; VariantName = "[No Variations]"
Add component (AddParameter): Name = "Description 2"; Value = "0,1uF => 33uF/50V - 10uF => 22uF/63V"; VariantName = "[No Variations]"
Add component (AddParameter): Name = "Description 3"; Value = "0,47uF => 10uF/100V"; VariantName = "[No Variations]"
Add component (AddParameter): Name = "Value"; Value = "10uF/50V"; VariantName = "[No Variations]"
Added Component: Designator=Cx1(CN1)
Add component (AddParameter): Name = "Value"; Value = "33pF"; VariantName = "[No Variations]"
Added Component: Designator=Cx2(CN1)
Add component (AddParameter): Name = "Value"; Value = "33pF"; VariantName = "[No Variations]"
Added Component: Designator=D1(D1A)
Add component (AddParameter): Name = "Value"; Value = "1N4007"; VariantName = "[No Variations]"
Added Component: Designator=D2(D1A)
Add component (AddParameter): Name = "Value"; Value = "1N4007"; VariantName = "[No Variations]"
Added Component: Designator=D3(D1A)
Add component (AddParameter): Name = "Value"; Value = "1N4007"; VariantName = "[No Variations]"
Added Component: Designator=D4(D1A)
Add component (AddParameter): Name = "Value"; Value = "1N4007"; VariantName = "[No Variations]"
Added Component: Designator=Decrease1(SW2)
Add component (AddParameter): Name = "Value"; Value = "SW chip 2 pin"; VariantName = "[No Variations]"
Added Component: Designator=IC1(DIP15SL2)
Add component (AddParameter): Name = "ComponentLink1Description"; Value = "Manufacturer Link"; VariantName = "[No Variations]"
Add component (AddParameter): Name = "ComponentLink1URL"; Value = "http://www.ti.com/"; VariantName = "[No Variations]"
Add component (AddParameter): Name = "DatasheetVersion"; Value = "Jun-1990"; VariantName = "[No Variations]"
Add component (AddParameter): Name = "Note"; Value = "The tab is elec is connected to GND pin"; VariantName = "[No Variations]"
Add component (AddParameter): Name = "PackageDescription"; Value = "TO, Thru-Hole, Vertical, Heatsink Mounted; 15 Bent Staggered Leads; Pitch 1.27 mm"; VariantName = "[No Variations]"
Add component (AddParameter): Name = "PackageReference"; Value = "KV015"; VariantName = "[No Variations]"
Add component (AddParameter): Name = "Published"; Value = "15-May-2002"; VariantName = "[No Variations]"
Add component (AddParameter): Name = "Publisher"; Value = "Altium Limited"; VariantName = "[No Variations]"
Added Component: Designator=IC2(QTO-220)
Add component (AddParameter): Name = "Value"; Value = "LM7805"; VariantName = "[No Variations]"
Added Component: Designator=IC3(DIP28/W0.3)
Add component (AddParameter): Name = "Value"; Value = "ATmega8-L"; VariantName = "[No Variations]"
Added Component: Designator=Increase1(SW2)
Add component (AddParameter): Name = "Value"; Value = "SW chip 2 pin"; VariantName = "[No Variations]"
Added Component: Designator=LCD1(LCD16X2)
Add component (AddParameter): Name = "Value"; Value = "LCD16x2A"; VariantName = "[No Variations]"
Added Component: Designator=LED1(LED-3)
Add component (AddParameter): Name = "Value"; Value = "LED 3 ly Single Colour"; VariantName = "[No Variations]"
Added Component: Designator=Output motor1(CON2)
Add component (AddParameter): Name = "Value"; Value = "Connector 2"; VariantName = "[No Variations]"
Added Component: Designator=R1(R1/4W)
Add component (AddParameter): Name = "Value"; Value = "R1/4W - 1K"; VariantName = "[No Variations]"
Added Component: Designator=R2(tro vach 1/2w)
Add component (AddParameter): Name = "Chung_Loai"; Value = "C?m"; VariantName = "[No Variations]"
Add component (AddParameter): Name = "Don_Vi"; Value = "Con"; VariantName = "[No Variations]"
Add component (AddParameter): Name = "Kieu_Chan"; Value = ""; VariantName = "[No Variations]"
Add component (AddParameter): Name = "Ma_Hang"; Value = "MH006206"; VariantName = "[No Variations]"
Add component (AddParameter): Name = "So_Chan"; Value = "2"; VariantName = "[No Variations]"
Add component (AddParameter): Name = "Ten_Linh_Kien"; Value = "Tr? 5% 1/2w 10k"; VariantName = "[No Variations]"
Added Component: Designator=Start/Invert1(SW2)
Add component (AddParameter): Name = "Value"; Value = "SW chip 2 pin"; VariantName = "[No Variations]"
Added Component: Designator=Stop1(SW2)
Add component (AddParameter): Name = "Value"; Value = "SW chip 2 pin"; VariantName = "[No Variations]"
Added Component: Designator=VR1(BIEN TRO VI CHINH NAM)
Add component (AddParameter): Name = "Chung_Loai"; Value = "C?m"; VariantName = "[No Variations]"
Add component (AddParameter): Name = "Don_Vi"; Value = "Con"; VariantName = "[No Variations]"
Add component (AddParameter): Name = "Ghi_Chu"; Value = ""; VariantName = "[No Variations]"
Add component (AddParameter): Name = "Kieu_Chan"; Value = ""; VariantName = "[No Variations]"
Add component (AddParameter): Name = "Ma_Hang"; Value = "MH003234"; VariantName = "[No Variations]"
Add component (AddParameter): Name = "Ten_Linh_Kien"; Value = "Bi?n Tr? VR 102-1K 3296W"; VariantName = "[No Variations]"
Added Component: Designator=X1(XT2)
Add component (AddParameter): Name = "Value"; Value = "4Mhz"; VariantName = "[No Variations]"
Added Pin To Net: NetName=GND Pin=12V source-1
Added Pin To Net: NetName=+12 Pin=12V source-2
Added Pin To Net: NetName=+12 Pin=C1-1
Added Pin To Net: NetName=GND Pin=C1-2
Added Pin To Net: NetName=+5 Pin=C2-1
Added Pin To Net: NetName=GND Pin=C2-2
Added Pin To Net: NetName=NetC3_1 Pin=C3-1
Added Pin To Net: NetName=GND Pin=C3-2
Added Pin To Net: NetName=GND Pin=Cx1-1
Added Pin To Net: NetName=NetCx1_2 Pin=Cx1-2
Added Pin To Net: NetName=GND Pin=Cx2-1
Added Pin To Net: NetName=NetCx2_2 Pin=Cx2-2
Added Pin To Net: NetName=OUT1 Pin=D1-1
Added Pin To Net: NetName=+12 Pin=D1-2
Added Pin To Net: NetName=OUT2 Pin=D2-1
Added Pin To Net: NetName=+12 Pin=D2-2
Added Pin To Net: NetName=GND Pin=D3-1
Added Pin To Net: NetName=OUT1 Pin=D3-2
Added Pin To Net: NetName=GND Pin=D4-1
Added Pin To Net: NetName=OUT2 Pin=D4-2
Added Pin To Net: NetName=GND Pin=Decrease1-1
Added Pin To Net: NetName=B4 Pin=Decrease1-2
Added Pin To Net: NetName=GND Pin=IC1-1
Added Pin To Net: NetName=OUT1 Pin=IC1-2
Added Pin To Net: NetName=OUT2 Pin=IC1-3
Added Pin To Net: NetName=+12 Pin=IC1-4
Added Pin To Net: NetName=C5 Pin=IC1-5
Added Pin To Net: NetName=B1 Pin=IC1-6
Added Pin To Net: NetName=C4 Pin=IC1-7
Added Pin To Net: NetName=GND Pin=IC1-8
Added Pin To Net: NetName=+5 Pin=IC1-9
Added Pin To Net: NetName=+12 Pin=IC2-1
Added Pin To Net: NetName=GND Pin=IC2-2
Added Pin To Net: NetName=+5 Pin=IC2-3
Added Pin To Net: NetName=NetC3_1 Pin=IC3-1
Added Pin To Net: NetName=D0 Pin=IC3-2
Added Pin To Net: NetName=D2 Pin=IC3-4
Added Pin To Net: NetName=D4 Pin=IC3-6
Added Pin To Net: NetName=+5 Pin=IC3-7
Added Pin To Net: NetName=GND Pin=IC3-8
Added Pin To Net: NetName=NetCx1_2 Pin=IC3-9
Added Pin To Net: NetName=NetCx2_2 Pin=IC3-10
Added Pin To Net: NetName=D5 Pin=IC3-11
Added Pin To Net: NetName=D6 Pin=IC3-12
Added Pin To Net: NetName=D7 Pin=IC3-13
Added Pin To Net: NetName=B1 Pin=IC3-15
Added Pin To Net: NetName=B2 Pin=IC3-16
Added Pin To Net: NetName=B3 Pin=IC3-17
Added Pin To Net: NetName=B4 Pin=IC3-18
Added Pin To Net: NetName=B5 Pin=IC3-19
Added Pin To Net: NetName=+5 Pin=IC3-20
Added Pin To Net: NetName=GND Pin=IC3-22
Added Pin To Net: NetName=C4 Pin=IC3-27
Added Pin To Net: NetName=C5 Pin=IC3-28
Added Pin To Net: NetName=GND Pin=Increase1-1
Added Pin To Net: NetName=B3 Pin=Increase1-2
Added Pin To Net: NetName=GND Pin=LCD1-1
Added Pin To Net: NetName=+5 Pin=LCD1-2
Added Pin To Net: NetName=VR Pin=LCD1-3
Added Pin To Net: NetName=D0 Pin=LCD1-4
Added Pin To Net: NetName=GND Pin=LCD1-5
Added Pin To Net: NetName=D2 Pin=LCD1-6
Added Pin To Net: NetName=D4 Pin=LCD1-11
Added Pin To Net: NetName=D5 Pin=LCD1-12
Added Pin To Net: NetName=D6 Pin=LCD1-13
Added Pin To Net: NetName=D7 Pin=LCD1-14
Added Pin To Net: NetName=+5 Pin=LCD1-15
Added Pin To Net: NetName=GND Pin=LCD1-16
Added Pin To Net: NetName=NetLED1_1 Pin=LED1-1
Added Pin To Net: NetName=GND Pin=LED1-2
Added Pin To Net: NetName=OUT1 Pin=Output motor1-1
Added Pin To Net: NetName=OUT2 Pin=Output motor1-2
Added Pin To Net: NetName=NetLED1_1 Pin=R1-1
Added Pin To Net: NetName=+5 Pin=R1-2
Added Pin To Net: NetName=NetC3_1 Pin=R2-1
Added Pin To Net: NetName=+5 Pin=R2-2
Added Pin To Net: NetName=GND Pin=Start/Invert1-1
Added Pin To Net: NetName=B2 Pin=Start/Invert1-2
Added Pin To Net: NetName=GND Pin=Stop1-1
Added Pin To Net: NetName=B5 Pin=Stop1-2
Added Pin To Net: NetName=+5 Pin=VR1-1
Added Pin To Net: NetName=VR Pin=VR1-2
Added Pin To Net: NetName=GND Pin=VR1-3
Added Pin To Net: NetName=NetCx1_2 Pin=X1-1
Added Pin To Net: NetName=NetCx2_2 Pin=X1-2
Added Member To Class: ClassName=Sheet2 Member=Component 12V source JP2
Added Member To Class: ClassName=Sheet2 Member=Component C1 220uF/35V
Added Member To Class: ClassName=Sheet2 Member=Component C2 220uF/35V
Added Member To Class: ClassName=Sheet2 Member=Component C3 10uF
Added Member To Class: ClassName=Sheet2 Member=Component Cx1 22pF
Added Member To Class: ClassName=Sheet2 Member=Component Cx2 22pF
Added Member To Class: ClassName=Sheet2 Member=Component D1 1N4007
Added Member To Class: ClassName=Sheet2 Member=Component D2 1N4007
Added Member To Class: ClassName=Sheet2 Member=Component D3 1N4007
Added Member To Class: ClassName=Sheet2 Member=Component D4 1N4007
Added Member To Class: ClassName=Sheet2 Member=Component Decrease1 SW
Added Member To Class: ClassName=Sheet2 Member=Component IC1 L298
Added Member To Class: ClassName=Sheet2 Member=Component IC2 LM7805
Added Member To Class: ClassName=Sheet2 Member=Component IC3 ATmega8-L
Added Member To Class: ClassName=Sheet2 Member=Component Increase1 SW
Added Member To Class: ClassName=Sheet2 Member=Component LCD1 LCD16x2A
Added Member To Class: ClassName=Sheet2 Member=Component LED1 LED
Added Member To Class: ClassName=Sheet2 Member=Component Output motor1 JP2
Added Member To Class: ClassName=Sheet2 Member=Component R1 220R
Added Member To Class: ClassName=Sheet2 Member=Component R2 10k
Added Member To Class: ClassName=Sheet2 Member=Component Start/Invert1 SW
Added Member To Class: ClassName=Sheet2 Member=Component Stop1 SW
Added Member To Class: ClassName=Sheet2 Member=Component VR1 1K
Added Member To Class: ClassName=Sheet2 Member=Component X1 16Mhz
