Removed Pin From Net: NetName=D6 Pin=Decrease1-2
Removed Pin From Net: NetName=C3 Pin=IC1-6
Removed Pin From Net: NetName=D7 Pin=Increase1-2
Removed Pin From Net: NetName=B1 Pin=LCD1-4
Removed Pin From Net: NetName=B2 Pin=LCD1-6
Removed Pin From Net: NetName=B3 Pin=LCD1-11
Removed Pin From Net: NetName=B4 Pin=LCD1-12
Removed Pin From Net: NetName=C0 Pin=LCD1-13
Removed Pin From Net: NetName=C1 Pin=LCD1-14
Removed Pin From Net: NetName=B0 Pin=Start/Invert1-2
Removed Pin From Net: NetName=D5 Pin=Stop1-2
Added Pin To Net: NetName=B4 Pin=Decrease1-2
Added Pin To Net: NetName=B1 Pin=IC1-6
Added Pin To Net: NetName=B3 Pin=Increase1-2
Added Pin To Net: NetName=D0 Pin=LCD1-4
Added Pin To Net: NetName=D2 Pin=LCD1-6
Added Pin To Net: NetName=D4 Pin=LCD1-11
Added Pin To Net: NetName=D5 Pin=LCD1-12
Added Pin To Net: NetName=D6 Pin=LCD1-13
Added Pin To Net: NetName=D7 Pin=LCD1-14
Added Pin To Net: NetName=+5 Pin=LCD1-15
Added Pin To Net: NetName=GND Pin=LCD1-16
Added Pin To Net: NetName=B2 Pin=Start/Invert1-2
Added Pin To Net: NetName=B5 Pin=Stop1-2
