Removed Pin From Net: NetName=GND Pin=-  
Removed Pin From Net: NetName=B4 Pin=Decrease1-2
Removed Pin From Net: NetName=B1 Pin=IC1-6
Removed Pin From Net: NetName=B3 Pin=Increase1-2
Removed Pin From Net: NetName=D0 Pin=LCD1-4
Removed Pin From Net: NetName=D2 Pin=LCD1-6
Removed Pin From Net: NetName=D4 Pin=LCD1-11
Removed Pin From Net: NetName=D5 Pin=LCD1-12
Removed Pin From Net: NetName=D6 Pin=LCD1-13
Removed Pin From Net: NetName=D7 Pin=LCD1-14
Removed Pin From Net: NetName=B2 Pin=Start/Invert1-2
Removed Pin From Net: NetName=B5 Pin=Stop1-2
Change Component Designator: OldDesignator= NewDesignator=12V source
Add Pin To Net: Unknown Pin: Pin 12V source-1
Added Pin To Net: NetName=D6 Pin=Decrease1-2
Added Pin To Net: NetName=D7 Pin=Increase1-2
Added Pin To Net: NetName=B1 Pin=LCD1-4
Added Pin To Net: NetName=B2 Pin=LCD1-6
Added Pin To Net: NetName=B3 Pin=LCD1-11
Added Pin To Net: NetName=B4 Pin=LCD1-12
Added Pin To Net: NetName=D5 Pin=Stop1-2
Added Pin To Net: NetName=B0 Pin=IC3-14
Added Pin To Net: NetName=B0 Pin=Start/Invert1-2
Added Net: Name=B0
Added Pin To Net: NetName=C0 Pin=IC3-23
Added Pin To Net: NetName=C0 Pin=LCD1-13
Added Net: Name=C0
Added Pin To Net: NetName=C1 Pin=IC3-24
Added Pin To Net: NetName=C1 Pin=LCD1-14
Added Net: Name=C1
Added Pin To Net: NetName=C3 Pin=IC1-6
Added Pin To Net: NetName=C3 Pin=IC3-26
Added Net: Name=C3
Added Member To Class: ClassName=Sheet2 Member=Component 12V source JP2
