Removed Pin From Net: NetName=OUT1 Pin=D1-1
Removed Pin From Net: NetName=+12 Pin=D1-2
Removed Pin From Net: NetName=OUT2 Pin=D2-1
Removed Pin From Net: NetName=+12 Pin=D2-2
Removed Pin From Net: NetName=GND Pin=D3-1
Removed Pin From Net: NetName=OUT1 Pin=D3-2
Removed Pin From Net: NetName=GND Pin=D4-1
Removed Pin From Net: NetName=OUT2 Pin=D4-2
Added Member To Class: ClassName=Sheet2 Member=Component 12V source JP2
Added Member To Class: ClassName=Sheet2 Member=Component C1 220uF/35V
Added Member To Class: ClassName=Sheet2 Member=Component C2 220uF/35V
Added Member To Class: ClassName=Sheet2 Member=Component C3 10uF
Added Member To Class: ClassName=Sheet2 Member=Component Cx1 22pF
Added Member To Class: ClassName=Sheet2 Member=Component Cx2 22pF
Added Member To Class: ClassName=Sheet2 Member=Component Decrease1 SW
Added Member To Class: ClassName=Sheet2 Member=Component IC1 L298
Added Member To Class: ClassName=Sheet2 Member=Component IC2 LM7805
Added Member To Class: ClassName=Sheet2 Member=Component IC3 ATmega8-L
Added Member To Class: ClassName=Sheet2 Member=Component Increase1 SW
Added Member To Class: ClassName=Sheet2 Member=Component LCD1 LCD16x2A
Added Member To Class: ClassName=Sheet2 Member=Component LED1 LED
Added Member To Class: ClassName=Sheet2 Member=Component Output motor1 JP2
Added Member To Class: ClassName=Sheet2 Member=Component R1 220R
Added Member To Class: ClassName=Sheet2 Member=Component R2 10k
Added Member To Class: ClassName=Sheet2 Member=Component Start/Invert1 SW
Added Member To Class: ClassName=Sheet2 Member=Component Stop1 SW
Added Member To Class: ClassName=Sheet2 Member=Component VR1 1
Added Member To Class: ClassName=Sheet2 Member=Component X1 16Mhz
