Change Component Designator: OldDesignator=JP? NewDesignator=JP5
Added Component: Designator=D1(DIODE 1A)
Add component (AddParameter): Name = "Chung_Loai"; Value = "C?m"; VariantName = "[No Variations]"
Add component (AddParameter): Name = "Don_Vi"; Value = "Con"; VariantName = "[No Variations]"
Add component (AddParameter): Name = "Ghi Chu"; Value = ""; VariantName = "[No Variations]"
Add component (AddParameter): Name = "Kieu_Chan"; Value = ""; VariantName = "[No Variations]"
Add component (AddParameter): Name = "Ma_Hang"; Value = "MH001063"; VariantName = "[No Variations]"
Add component (AddParameter): Name = "Ten_Linh_Kien"; Value = "Diode 1N4007 1A (DIP)"; VariantName = "[No Variations]"
Added Component: Designator=D2(DIODE 1A)
Add component (AddParameter): Name = "Chung_Loai"; Value = "C?m"; VariantName = "[No Variations]"
Add component (AddParameter): Name = "Don_Vi"; Value = "Con"; VariantName = "[No Variations]"
Add component (AddParameter): Name = "Ghi Chu"; Value = ""; VariantName = "[No Variations]"
Add component (AddParameter): Name = "Kieu_Chan"; Value = ""; VariantName = "[No Variations]"
Add component (AddParameter): Name = "Ma_Hang"; Value = "MH001063"; VariantName = "[No Variations]"
Add component (AddParameter): Name = "Ten_Linh_Kien"; Value = "Diode 1N4007 1A (DIP)"; VariantName = "[No Variations]"
Added Component: Designator=D3(DIODE 1A)
Add component (AddParameter): Name = "Chung_Loai"; Value = "C?m"; VariantName = "[No Variations]"
Add component (AddParameter): Name = "Don_Vi"; Value = "Con"; VariantName = "[No Variations]"
Add component (AddParameter): Name = "Ghi Chu"; Value = ""; VariantName = "[No Variations]"
Add component (AddParameter): Name = "Kieu_Chan"; Value = ""; VariantName = "[No Variations]"
Add component (AddParameter): Name = "Ma_Hang"; Value = "MH001063"; VariantName = "[No Variations]"
Add component (AddParameter): Name = "Ten_Linh_Kien"; Value = "Diode 1N4007 1A (DIP)"; VariantName = "[No Variations]"
Added Component: Designator=D4(DIODE 1A)
Add component (AddParameter): Name = "Chung_Loai"; Value = "C?m"; VariantName = "[No Variations]"
Add component (AddParameter): Name = "Don_Vi"; Value = "Con"; VariantName = "[No Variations]"
Add component (AddParameter): Name = "Ghi Chu"; Value = ""; VariantName = "[No Variations]"
Add component (AddParameter): Name = "Kieu_Chan"; Value = ""; VariantName = "[No Variations]"
Add component (AddParameter): Name = "Ma_Hang"; Value = "MH001063"; VariantName = "[No Variations]"
Add component (AddParameter): Name = "Ten_Linh_Kien"; Value = "Diode 1N4007 1A (DIP)"; VariantName = "[No Variations]"
Added Pin To Net: NetName=OUT1 Pin=D1-1
Added Pin To Net: NetName=+12 Pin=D1-2
Added Pin To Net: NetName=OUT2 Pin=D2-1
Added Pin To Net: NetName=+12 Pin=D2-2
Added Pin To Net: NetName=GND Pin=D3-1
Added Pin To Net: NetName=OUT1 Pin=D3-2
Added Pin To Net: NetName=GND Pin=D4-1
Added Pin To Net: NetName=OUT2 Pin=D4-2
Added Member To Class: ClassName=Sheet2 Member=Component D1 100v
Added Member To Class: ClassName=Sheet2 Member=Component D2 100v
Added Member To Class: ClassName=Sheet2 Member=Component D3 100v
Added Member To Class: ClassName=Sheet2 Member=Component D4 100v
